[debug] [2023-01-04T12:03:53.585Z] ----------------------------------------------------------------------
[debug] [2023-01-04T12:03:53.587Z] Command:       C:\Program Files\nodejs\node.exe C:\Users\jorda\AppData\Roaming\npm\node_modules\firebase-tools\lib\bin\firebase.js init
[debug] [2023-01-04T12:03:53.587Z] CLI Version:   11.19.0
[debug] [2023-01-04T12:03:53.588Z] Platform:      win32
[debug] [2023-01-04T12:03:53.588Z] Node Version:  v18.12.1
[debug] [2023-01-04T12:03:53.589Z] Time:          Wed Jan 04 2023 23:03:53 GMT+1100 (Australian Eastern Daylight Time)
[debug] [2023-01-04T12:03:53.589Z] ----------------------------------------------------------------------
[debug] 
[debug] [2023-01-04T12:03:53.596Z] > command requires scopes: ["email","openid","https://www.googleapis.com/auth/cloudplatformprojects.readonly","https://www.googleapis.com/auth/firebase","https://www.googleapis.com/auth/cloud-platform"]
[debug] [2023-01-04T12:03:53.597Z] > authorizing via signed-in user (alramd44@gmail.com)
[info] 
     ######## #### ########  ######## ########     ###     ######  ########
     ##        ##  ##     ## ##       ##     ##  ##   ##  ##       ##
     ######    ##  ########  ######   ########  #########  ######  ######
     ##        ##  ##    ##  ##       ##     ## ##     ##       ## ##
     ##       #### ##     ## ######## ########  ##     ##  ######  ########

You're about to initialize a Firebase project in this directory:

  C:\Users\jorda\resume

[info] 
=== Project Setup
[info] 
[info] First, let's associate this project directory with a Firebase project.
[info] You can create multiple project aliases by running firebase use --add, 
[info] but for now we'll just set up a default project.
[info] 
[debug] [2023-01-04T12:06:02.973Z] >>> [apiv2][query] GET https://firebase.googleapis.com/v1beta1/projects pageSize=100
[debug] [2023-01-04T12:06:04.248Z] <<< [apiv2][status] GET https://firebase.googleapis.com/v1beta1/projects 200
[debug] [2023-01-04T12:06:04.249Z] <<< [apiv2][body] GET https://firebase.googleapis.com/v1beta1/projects [omitted]
[info] i  Using project jordan-coates-resume-website (Jordan Coates Resume Website) 
[info] 
=== Hosting Setup
[info] 
[info] Your public directory is the folder (relative to your project directory) that
[info] will contain Hosting assets to be uploaded with firebase deploy. If you
[info] have a build process for your assets, use your build's output directory.
[info] 
[debug] [2023-01-04T12:06:50.956Z] >>> [apiv2][query] GET https://www.gstatic.com/firebasejs/releases.json [none]
[debug] [2023-01-04T12:06:51.250Z] <<< [apiv2][status] GET https://www.gstatic.com/firebasejs/releases.json 200
[debug] [2023-01-04T12:06:51.251Z] <<< [apiv2][body] GET https://www.gstatic.com/firebasejs/releases.json {"current":{"version":"9.15.0","browserURL":"https://www.gstatic.com/firebasejs/9.15.0/firebase.js","packageURL":"https://www.gstatic.com/firebasejs/9.15.0/firebase.tgz"},"live":{"version":"9.15","browserURL":"https://www.gstatic.com/firebasejs/live/9.15/firebase.js","packageURL":"https://www.gstatic.com/firebasejs/live/9.15/firebase.tgz"},"components":{"analytics":"https://www.gstatic.com/firebasejs/9.15.0/firebase-analytics.js","app":"https://www.gstatic.com/firebasejs/9.15.0/firebase-app.js","app-check":"https://www.gstatic.com/firebasejs/9.15.0/firebase-app-check.js","auth":"https://www.gstatic.com/firebasejs/9.15.0/firebase-auth.js","auth/cordova":"https://www.gstatic.com/firebasejs/9.15.0/firebase-auth/cordova.js","auth/react-native":"https://www.gstatic.com/firebasejs/9.15.0/firebase-auth/react-native.js","functions":"https://www.gstatic.com/firebasejs/9.15.0/firebase-functions.js","firestore":"https://www.gstatic.com/firebasejs/9.15.0/firebase-firestore.js","firestore/lite":"https://www.gstatic.com/firebasejs/9.15.0/firebase-firestore/lite.js","installations":"https://www.gstatic.com/firebasejs/9.15.0/firebase-installations.js","storage":"https://www.gstatic.com/firebasejs/9.15.0/firebase-storage.js","performance":"https://www.gstatic.com/firebasejs/9.15.0/firebase-performance.js","remote-config":"https://www.gstatic.com/firebasejs/9.15.0/firebase-remote-config.js","messaging":"https://www.gstatic.com/firebasejs/9.15.0/firebase-messaging.js","messaging/sw":"https://www.gstatic.com/firebasejs/9.15.0/firebase-messaging/sw.js","database":"https://www.gstatic.com/firebasejs/9.15.0/firebase-database.js","firestore.memory":"https://www.gstatic.com/firebasejs/9.15.0/firebase-firestore.memory.js"}}
[info] i  Skipping write of public/index.html 
[info] 
[info] i  Detected a .git folder at C:\Users\jorda\resume 
[info] i  Authorizing with GitHub to upload your service account to a GitHub repository's secrets store. 
[info] 
[info] Visit this URL on this device to log in:
[info] https://github.com/login/oauth/authorize?client_id=89cf50f02ac6aaed3484&state=248228100&redirect_uri=http%3A%2F%2Flocalhost%3A9005&scope=read%3Auser%20repo%20public_repo
[info] 
[info] Waiting for authentication...
[debug] [2023-01-04T12:07:04.864Z] >>> [apiv2][query] POST https://github.com/login/oauth/access_token [none]
[debug] [2023-01-04T12:07:04.864Z] >>> [apiv2][body] POST https://github.com/login/oauth/access_token [stream]
[debug] [2023-01-04T12:07:05.254Z] <<< [apiv2][status] POST https://github.com/login/oauth/access_token 200
[debug] [2023-01-04T12:07:05.254Z] <<< [apiv2][body] POST https://github.com/login/oauth/access_token {"access_token":"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","token_type":"bearer","scope":"read:user,repo"}
[debug] [2023-01-04T12:07:05.271Z] >>> [apiv2][query] GET https://api.github.com/user [none]
[debug] [2023-01-04T12:07:05.664Z] <<< [apiv2][status] GET https://api.github.com/user 200
[debug] [2023-01-04T12:07:05.665Z] <<< [apiv2][body] GET https://api.github.com/user {"login":"alramd","id":84052520,"node_id":"MDQ6VXNlcjg0MDUyNTIw","avatar_url":"https://avatars.githubusercontent.com/u/84052520?v=4","gravatar_id":"","url":"https://api.github.com/users/alramd","html_url":"https://github.com/alramd","followers_url":"https://api.github.com/users/alramd/followers","following_url":"https://api.github.com/users/alramd/following{/other_user}","gists_url":"https://api.github.com/users/alramd/gists{/gist_id}","starred_url":"https://api.github.com/users/alramd/starred{/owner}{/repo}","subscriptions_url":"https://api.github.com/users/alramd/subscriptions","organizations_url":"https://api.github.com/users/alramd/orgs","repos_url":"https://api.github.com/users/alramd/repos","events_url":"https://api.github.com/users/alramd/events{/privacy}","received_events_url":"https://api.github.com/users/alramd/received_events","type":"User","site_admin":false,"name":null,"company":null,"blog":"","location":null,"email":null,"hireable":null,"bio":null,"twitter_username":null,"public_repos":4,"public_gists":0,"followers":1,"following":1,"created_at":"2021-05-12T00:54:23Z","updated_at":"2023-01-04T11:45:43Z","private_gists":0,"total_private_repos":5,"owned_private_repos":4,"disk_usage":28601,"collaborators":3,"two_factor_authentication":true,"plan":{"name":"pro","space":976562499,"collaborators":0,"private_repos":9999}}
[info] 
[info] +  Success! Logged into GitHub as alramd 
[info] 
